0 info it worked if it ends with ok
1 verbose cli [ '/home/teej/.nvm/versions/node/v6.13.0/bin/node',
1 verbose cli   '/home/teej/.nvm/versions/node/v6.13.0/bin/npm',
1 verbose cli   'run',
1 verbose cli   'build' ]
2 info using npm@3.10.10
3 info using node@v6.13.0
4 verbose run-script [ 'prebuild', 'build', 'postbuild' ]
5 info lifecycle portfolio@1.0.0~prebuild: portfolio@1.0.0
6 silly lifecycle portfolio@1.0.0~prebuild: no script for prebuild, continuing
7 info lifecycle portfolio@1.0.0~build: portfolio@1.0.0
8 verbose lifecycle portfolio@1.0.0~build: unsafe-perm in lifecycle true
9 verbose lifecycle portfolio@1.0.0~build: PATH: /home/teej/.nvm/versions/node/v6.13.0/lib/node_modules/npm/bin/node-gyp-bin:/home/teej/tj-coding-projects/ga-projects/portfolio/portfolio/node_modules/.bin:/home/teej/.nvm/versions/node/v6.13.0/bin:/home/teej/bin:/home/teej/.local/bin:/usr/local/sbin:/usr/local/bin:/usr/sbin:/usr/bin:/sbin:/bin:/usr/games:/usr/local/games:/snap/bin:/usr/lib/jvm/java-9-oracle/bin:/usr/lib/jvm/java-9-oracle/db/bin
10 verbose lifecycle portfolio@1.0.0~build: CWD: /home/teej/tj-coding-projects/ga-projects/portfolio/portfolio
11 silly lifecycle portfolio@1.0.0~build: Args: [ '-c', 'webpack --watch' ]
12 silly lifecycle portfolio@1.0.0~build: Returned: code: 143  signal: null
13 info lifecycle portfolio@1.0.0~build: Failed to exec build script
14 verbose stack Error: portfolio@1.0.0 build: `webpack --watch`
14 verbose stack Exit status 143
14 verbose stack     at EventEmitter.<anonymous> (/home/teej/.nvm/versions/node/v6.13.0/lib/node_modules/npm/lib/utils/lifecycle.js:255:16)
14 verbose stack     at emitTwo (events.js:106:13)
14 verbose stack     at EventEmitter.emit (events.js:191:7)
14 verbose stack     at ChildProcess.<anonymous> (/home/teej/.nvm/versions/node/v6.13.0/lib/node_modules/npm/lib/utils/spawn.js:40:14)
14 verbose stack     at emitTwo (events.js:106:13)
14 verbose stack     at ChildProcess.emit (events.js:191:7)
14 verbose stack     at maybeClose (internal/child_process.js:920:16)
14 verbose stack     at Process.ChildProcess._handle.onexit (internal/child_process.js:230:5)
15 verbose pkgid portfolio@1.0.0
16 verbose cwd /home/teej/tj-coding-projects/ga-projects/portfolio/portfolio
17 error Linux 4.4.0-78-generic
18 error argv "/home/teej/.nvm/versions/node/v6.13.0/bin/node" "/home/teej/.nvm/versions/node/v6.13.0/bin/npm" "run" "build"
19 error node v6.13.0
20 error npm  v3.10.10
21 error code ELIFECYCLE
22 error portfolio@1.0.0 build: `webpack --watch`
22 error Exit status 143
23 error Failed at the portfolio@1.0.0 build script 'webpack --watch'.
23 error Make sure you have the latest version of node.js and npm installed.
23 error If you do, this is most likely a problem with the portfolio package,
23 error not with npm itself.
23 error Tell the author that this fails on your system:
23 error     webpack --watch
23 error You can get information on how to open an issue for this project with:
23 error     npm bugs portfolio
23 error Or if that isn't available, you can get their info via:
23 error     npm owner ls portfolio
23 error There is likely additional logging output above.
24 verbose exit [ 1, true ]
